0 info it worked if it ends with ok
1 verbose cli [ '/usr/local/bin/node', '/usr/local/bin/npm', 'run', 'build' ]
2 info using npm@1.3.25
3 info using node@v0.11.11
4 verbose run-script [ 'prebuild', 'build', 'postbuild' ]
5 info prebuild such.less@0.0.0
6 info build such.less@0.0.0
7 verbose unsafe-perm in lifecycle true
8 info such.less@0.0.0 Failed to exec build script
9 error such.less@0.0.0 build: `grunt --gruntfile=Gruntfile.js`
9 error Exit status 6
10 error Failed at the such.less@0.0.0 build script.
10 error This is most likely a problem with the such.less package,
10 error not with npm itself.
10 error Tell the author that this fails on your system:
10 error     grunt --gruntfile=Gruntfile.js
10 error You can get their info via:
10 error     npm owner ls such.less
10 error There is likely additional logging output above.
11 error System Darwin 13.1.0
12 error command "/usr/local/bin/node" "/usr/local/bin/npm" "run" "build"
13 error cwd /Users/sharte/projects/misc/such.less
14 error node -v v0.11.11
15 error npm -v 1.3.25
16 error code ELIFECYCLE
17 verbose exit [ 1, true ]
